<?xml version="1.0" encoding="UTF-8"?>
<!-- Generated by org.testng.reporters.JUnitReportReporter -->
<testsuite hostname="HBL-AMAR" failures="0" tests="1" name="extentReportsDemo.reportDemo" time="3.183" errors="0" timestamp="2023-07-24T12:31:06 IST" skipped="0">
  <testcase classname="extentReportsDemo.reportDemo" name="getTiltle" time="3.183"/>
  <system-out/>
</testsuite> <!-- extentReportsDemo.reportDemo -->
