<?xml version="1.0" encoding="UTF-8"?>
<!-- Generated by org.testng.reporters.JUnitReportReporter -->
<testsuite hostname="HBL-AMAR" failures="0" tests="1" name="Basics.appPackageAndappActivity" time="34.312" errors="0" timestamp="2023-07-22T09:16:23 IST" skipped="0">
  <testcase classname="Basics.appPackageAndappActivity" name="appiumBasicTest" time="34.312"/>
  <system-out/>
</testsuite> <!-- Basics.appPackageAndappActivity -->
